****************************************************************************
* hwloc 2.0.3 received invalid information from the operating system.
*
* Failed with: intersection without inclusion
* while inserting Group0 (P#16 cpuset 0x00000f00) at L1d (P#16 cpuset 0x00000104)
* coming from: linux:sysfs:cluster
*
* The following FAQ entry in the hwloc documentation may help:
*   What should I do when hwloc reports "operating system" warnings?
* Otherwise please report this error message to the hwloc user's mailing list,
* along with the files generated by the hwloc-gather-topology script.
* 
* hwloc will now ignore this invalid topology information and continue.
****************************************************************************
[32mStart prefilling replay buffer[0m
[32mStart SAC training[0m
----------------------------------------------------------
|                          Train/Steps |        6.41e+05 |
|                     Loss/Loss_critic |          0.0637 |
|                      Loss/Loss_actor |           -7.73 |
|                      Loss/Loss_alpha |          0.0544 |
|        Loss/Loss_state_action_metric |          0.0165 |
|               Loss/Loss_state_metric |         0.00462 |
|      Loss/Loss_state_action_to_state |         0.00278 |
|             Loss/Loss_representation |           0.029 |
|                    Analysis/Val_diff |           0.412 |
|                     Analysis/SA_diff |            1.06 |
|                            SAC/Alpha |         0.00158 |
|                       SAC/LogPi_mean |           -13.4 |
|                          SAC/Q1_mean |            7.72 |
|                          SAC/Q2_mean |            7.72 |
|                     Norm/actor_model |            32.4 |
|                    Norm/critic_model |            53.8 |
|       Norm/state_action_metric_model |            37.6 |
|              Norm/state_metric_model |            41.6 |
| Norm/state_action_state_metric_model |            39.8 |
|                       Norm/rep_model |            49.3 |
|                          Eval/Return |        3.14e-08 |
----------------------------------------------------------
----------------------------------------------------------
|                          Train/Steps |        6.42e+05 |
|                     Loss/Loss_critic |          0.0893 |
|                      Loss/Loss_actor |              -6 |
|                      Loss/Loss_alpha |        -0.00269 |
|        Loss/Loss_state_action_metric |         0.00501 |
|               Loss/Loss_state_metric |          0.0175 |
|      Loss/Loss_state_action_to_state |           0.017 |
|             Loss/Loss_representation |          0.0166 |
|                    Analysis/Val_diff |           0.856 |
|                     Analysis/SA_diff |           0.907 |
|                            SAC/Alpha |        0.000128 |
|                       SAC/LogPi_mean |              42 |
|                          SAC/Q1_mean |            5.85 |
|                          SAC/Q2_mean |            5.83 |
|                     Norm/actor_model |              43 |
|                    Norm/critic_model |            59.5 |
|       Norm/state_action_metric_model |            46.5 |
|              Norm/state_metric_model |            47.2 |
| Norm/state_action_state_metric_model |            47.4 |
|                       Norm/rep_model |            59.5 |
|                          Eval/Return |        1.26e-06 |
----------------------------------------------------------
----------------------------------------------------------
|                          Train/Steps |        6.43e+05 |
|                     Loss/Loss_critic |             nan |
|                      Loss/Loss_actor |             nan |
|                      Loss/Loss_alpha |             nan |
|        Loss/Loss_state_action_metric |             nan |
|               Loss/Loss_state_metric |             nan |
|      Loss/Loss_state_action_to_state |             nan |
|             Loss/Loss_representation |             nan |
|                    Analysis/Val_diff |             nan |
|                     Analysis/SA_diff |             nan |
|                            SAC/Alpha |             nan |
|                       SAC/LogPi_mean |             nan |
|                          SAC/Q1_mean |             nan |
|                          SAC/Q2_mean |             nan |
|                     Norm/actor_model |             nan |
|                    Norm/critic_model |             nan |
|       Norm/state_action_metric_model |             nan |
|              Norm/state_metric_model |             nan |
| Norm/state_action_state_metric_model |             nan |
|                       Norm/rep_model |             nan |
|                          Eval/Return |             nan |
----------------------------------------------------------
WARNING:tensorboardX.x2num:NaN or Inf found in input tensor.
WARNING:tensorboardX.x2num:NaN or Inf found in input tensor.
WARNING:tensorboardX.x2num:NaN or Inf found in input tensor.
WARNING:tensorboardX.x2num:NaN or Inf found in input tensor.
WARNING:tensorboardX.x2num:NaN or Inf found in input tensor.
WARNING:tensorboardX.x2num:NaN or Inf found in input tensor.
WARNING:tensorboardX.x2num:NaN or Inf found in input tensor.
WARNING:tensorboardX.x2num:NaN or Inf found in input tensor.
WARNING:tensorboardX.x2num:NaN or Inf found in input tensor.
WARNING:tensorboardX.x2num:NaN or Inf found in input tensor.
WARNING:tensorboardX.x2num:NaN or Inf found in input tensor.
WARNING:tensorboardX.x2num:NaN or Inf found in input tensor.
WARNING:tensorboardX.x2num:NaN or Inf found in input tensor.
WARNING:tensorboardX.x2num:NaN or Inf found in input tensor.
WARNING:tensorboardX.x2num:NaN or Inf found in input tensor.
WARNING:tensorboardX.x2num:NaN or Inf found in input tensor.
WARNING:tensorboardX.x2num:NaN or Inf found in input tensor.
WARNING:tensorboardX.x2num:NaN or Inf found in input tensor.
WARNING:tensorboardX.x2num:NaN or Inf found in input tensor.
WARNING:tensorboardX.x2num:NaN or Inf found in input tensor.
----------------------------------------------------------
|                          Train/Steps |        6.44e+05 |
|                     Loss/Loss_critic |             nan |
|                      Loss/Loss_actor |             nan |
|                      Loss/Loss_alpha |             nan |
|        Loss/Loss_state_action_metric |             nan |
|               Loss/Loss_state_metric |             nan |
|      Loss/Loss_state_action_to_state |             nan |
|             Loss/Loss_representation |             nan |
|                    Analysis/Val_diff |             nan |
|                     Analysis/SA_diff |             nan |
|                            SAC/Alpha |             nan |
|                       SAC/LogPi_mean |             nan |
|                          SAC/Q1_mean |             nan |
|                          SAC/Q2_mean |             nan |
|                     Norm/actor_model |             nan |
|                    Norm/critic_model |             nan |
|       Norm/state_action_metric_model |             nan |
|              Norm/state_metric_model |             nan |
| Norm/state_action_state_metric_model |             nan |
|                       Norm/rep_model |             nan |
|                          Eval/Return |             nan |
----------------------------------------------------------
WARNING:tensorboardX.x2num:NaN or Inf found in input tensor.
WARNING:tensorboardX.x2num:NaN or Inf found in input tensor.
WARNING:tensorboardX.x2num:NaN or Inf found in input tensor.
WARNING:tensorboardX.x2num:NaN or Inf found in input tensor.
WARNING:tensorboardX.x2num:NaN or Inf found in input tensor.
WARNING:tensorboardX.x2num:NaN or Inf found in input tensor.
WARNING:tensorboardX.x2num:NaN or Inf found in input tensor.
WARNING:tensorboardX.x2num:NaN or Inf found in input tensor.
WARNING:tensorboardX.x2num:NaN or Inf found in input tensor.
WARNING:tensorboardX.x2num:NaN or Inf found in input tensor.
WARNING:tensorboardX.x2num:NaN or Inf found in input tensor.
WARNING:tensorboardX.x2num:NaN or Inf found in input tensor.
WARNING:tensorboardX.x2num:NaN or Inf found in input tensor.
WARNING:tensorboardX.x2num:NaN or Inf found in input tensor.
WARNING:tensorboardX.x2num:NaN or Inf found in input tensor.
WARNING:tensorboardX.x2num:NaN or Inf found in input tensor.
WARNING:tensorboardX.x2num:NaN or Inf found in input tensor.
WARNING:tensorboardX.x2num:NaN or Inf found in input tensor.
WARNING:tensorboardX.x2num:NaN or Inf found in input tensor.
WARNING:tensorboardX.x2num:NaN or Inf found in input tensor.
